Build started 2/19/2018 11:10:35 PM.
     1>Project "C:\Users\Welcome\Desktop\DATA\BAI TAP\Lap trinh huong doi tuong\do an game\SfmlChess\chess\chess.vcxproj" on node 2 (Build target(s)).
     1>InitializeBuildStatus:
         Creating "Release\chess.unsuccessfulbuild" because "AlwaysCreate" was specified.
       ClCompile:
         C:\Program Files (x86)\Microsoft Visual Studio 11.0\VC\bin\CL.exe /c /I"C:\Users\Welcome\Downloads\Compressed\SFML-2.4.2-windows-vc11-32-bit\SFML-2.4.2\include" /Zi /nologo /W3 /WX- /O2 /Oi /Oy- /GL /D WIN32 /D NDEBUG /D _CONSOLE /D _UNICODE /D UNICODE /Gm- /EHsc /MD /GS /Gy /fp:precise /Zc:wchar_t /Zc:forScope /Fo"Release\\" /Fd"Release\vc110.pdb" /Gd /TP /analyze- /errorReport:prompt test.cpp
         test.cpp
     1>test.cpp(166): warning C4244: 'argument' : conversion from 'int' to 'float', possible loss of data
     1>test.cpp(169): warning C4244: '=' : conversion from 'const float' to 'int', possible loss of data
     1>test.cpp(170): warning C4244: '=' : conversion from 'const float' to 'int', possible loss of data
     1>test.cpp(183): warning C4244: 'argument' : conversion from 'int' to 'float', possible loss of data
       Link:
         C:\Program Files (x86)\Microsoft Visual Studio 11.0\VC\bin\link.exe /ERRORREPORT:PROMPT /OUT:"C:\Users\Welcome\Desktop\DATA\BAI TAP\Lap trinh huong doi tuong\do an game\SfmlChess\Release\chess.exe" /INCREMENTAL:NO /NOLOGO /LIBPATH:"C:\Users\Welcome\Downloads\Compressed\SFML-2.4.2-windows-vc11-32-bit\SFML-2.4.2\lib" "sfml-main.lib" "sfml-graphics.lib" "sfml-window.lib" "sfml-system.lib" "sfml-audio.lib" "sfml-network.lib" kernel32.lib user32.lib gdi32.lib winspool.lib comdlg32.lib advapi32.lib shell32.lib ole32.lib /MANIFEST /MANIFESTUAC:"level='asInvoker' uiAccess='false'" /manifest:embed /DEBUG /PDB:"C:\Users\Welcome\Desktop\DATA\BAI TAP\Lap trinh huong doi tuong\do an game\SfmlChess\Release\chess.pdb" /SUBSYSTEM:CONSOLE /OPT:REF /OPT:ICF /LTCG /TLBID:1 /DYNAMICBASE /NXCOMPAT /IMPLIB:"C:\Users\Welcome\Desktop\DATA\BAI TAP\Lap trinh huong doi tuong\do an game\SfmlChess\Release\chess.lib" /MACHINE:X86 /SAFESEH Release\test.obj
         Generating code
         Finished generating code
         chess.vcxproj -> C:\Users\Welcome\Desktop\DATA\BAI TAP\Lap trinh huong doi tuong\do an game\SfmlChess\Release\chess.exe
       FinalizeBuildStatus:
         Deleting file "Release\chess.unsuccessfulbuild".
         Touching "Release\chess.lastbuildstate".
     1>Done Building Project "C:\Users\Welcome\Desktop\DATA\BAI TAP\Lap trinh huong doi tuong\do an game\SfmlChess\chess\chess.vcxproj" (Build target(s)).

Build succeeded.

Time Elapsed 00:00:02.24
